<?xml version="1.0" encoding="UTF-8"?>
<!-- Generated by org.testng.reporters.JUnitReportReporter -->
<testsuite skipped="0" hostname="FTDT798" name="qaclickacedemy.AppiumTest" tests="2" failures="0" timestamp="15 Jun 2018 05:56:07 GMT" time="0.001" errors="0">
  <testcase name="AbcModel" time="0.001" classname="qaclickacedemy.AppiumTest"/>
  <testcase name="selectMobileDevice" time="0.000" classname="qaclickacedemy.AppiumTest"/>
</testsuite> <!-- qaclickacedemy.AppiumTest -->
