<?xml version="1.0" encoding="UTF-8"?>
<!-- Generated by org.testng.reporters.JUnitReportReporter -->
<testsuite skipped="0" hostname="FTDT798" name="qaclickacedemy.RestAPITest" tests="2" failures="0" timestamp="15 Jun 2018 05:56:07 GMT" time="0.007" errors="0">
  <testcase name="updateComment" time="0.000" classname="qaclickacedemy.RestAPITest"/>
  <testcase name="postDefect" time="0.007" classname="qaclickacedemy.RestAPITest"/>
</testsuite> <!-- qaclickacedemy.RestAPITest -->
