<?xml version="1.0" encoding="UTF-8"?>
<!-- Generated by org.testng.reporters.JUnitReportReporter -->
<testsuite hostname="FTDT798" name="qaclickacedemy.AppTest" tests="1" failures="0" timestamp="19 Dec 2018 10:06:37 GMT" time="0.001" errors="0">
  <testcase name="testApp" time="0.001" classname="qaclickacedemy.AppTest"/>
</testsuite> <!-- qaclickacedemy.AppTest -->
