<?xml version="1.0" encoding="UTF-8"?>
<!-- Generated by org.testng.reporters.JUnitReportReporter -->
<testsuite hostname="FTDT798" name="qaclickacedemy.AppiumTest" tests="2" failures="0" timestamp="19 Dec 2018 10:06:37 GMT" time="0.004" errors="0">
  <testcase name="AbcModel" time="0.004" classname="qaclickacedemy.AppiumTest"/>
  <testcase name="selectMobileDevice" time="0.000" classname="qaclickacedemy.AppiumTest"/>
</testsuite> <!-- qaclickacedemy.AppiumTest -->
