<?xml version="1.0" encoding="UTF-8"?>
<!-- Generated by org.testng.reporters.JUnitReportReporter -->
<testsuite hostname="FTDT798" name="qaclickacedemy.SeleniumTest" tests="2" failures="0" timestamp="19 Dec 2018 10:06:37 GMT" time="0.000" errors="0">
  <testcase name="clickButton" time="0.000" classname="qaclickacedemy.SeleniumTest"/>
  <testcase name="selectDropdown" time="0.000" classname="qaclickacedemy.SeleniumTest"/>
</testsuite> <!-- qaclickacedemy.SeleniumTest -->
