<?xml version="1.0" encoding="UTF-8"?>
<!-- Generated by org.testng.reporters.JUnitReportReporter -->
<testsuite hostname="FTDT798" name="qaclickacedemy.RestAPITest" tests="2" failures="0" timestamp="19 Dec 2018 10:06:37 GMT" time="0.000" errors="0">
  <testcase name="updateComment" time="0.000" classname="qaclickacedemy.RestAPITest"/>
  <testcase name="postDefect" time="0.000" classname="qaclickacedemy.RestAPITest"/>
</testsuite> <!-- qaclickacedemy.RestAPITest -->
